[0.739s] Invoking command in '/home/mr-kajemba/turtle_regulation-Gabriel-Baraka_Kajemba/ros_ws/src/turtle_regulation': DEBUGINFOD_URLS=https://debuginfod.ubuntu.com PYTHONPATH=/home/mr-kajemba/turtle_regulation-Gabriel-Baraka_Kajemba/ros_ws/build/turtle_regulation/prefix_override:/usr/lib/python3/dist-packages/colcon_core/task/python/colcon_distutils_commands:/home/mr-kajemba/turtle_regulation-Gabriel-Baraka_Kajemba/ros_ws/install/turtle_regulation/lib/python3.12/site-packages:${PYTHONPATH} /usr/bin/python3 -W ignore:setup.py install is deprecated -W ignore:easy_install command is deprecated setup.py egg_info --egg-base ../../build/turtle_regulation build --build-base /home/mr-kajemba/turtle_regulation-Gabriel-Baraka_Kajemba/ros_ws/build/turtle_regulation/build install --record /home/mr-kajemba/turtle_regulation-Gabriel-Baraka_Kajemba/ros_ws/build/turtle_regulation/install.log --single-version-externally-managed install_data
[0.974s] running egg_info
[0.991s] writing ../../build/turtle_regulation/turtle_regulation.egg-info/PKG-INFO
[0.991s] writing dependency_links to ../../build/turtle_regulation/turtle_regulation.egg-info/dependency_links.txt
[0.991s] writing entry points to ../../build/turtle_regulation/turtle_regulation.egg-info/entry_points.txt
[0.992s] writing requirements to ../../build/turtle_regulation/turtle_regulation.egg-info/requires.txt
[0.992s] writing top-level names to ../../build/turtle_regulation/turtle_regulation.egg-info/top_level.txt
[1.027s] reading manifest file '../../build/turtle_regulation/turtle_regulation.egg-info/SOURCES.txt'
[1.028s] writing manifest file '../../build/turtle_regulation/turtle_regulation.egg-info/SOURCES.txt'
[1.028s] running build
[1.028s] running build_py
[1.028s] copying turtle_regulation/set_way_point.py -> /home/mr-kajemba/turtle_regulation-Gabriel-Baraka_Kajemba/ros_ws/build/turtle_regulation/build/lib/turtle_regulation
[1.028s] running install
[1.034s] running install_lib
[1.052s] copying /home/mr-kajemba/turtle_regulation-Gabriel-Baraka_Kajemba/ros_ws/build/turtle_regulation/build/lib/turtle_regulation/set_way_point.py -> /home/mr-kajemba/turtle_regulation-Gabriel-Baraka_Kajemba/ros_ws/install/turtle_regulation/lib/python3.12/site-packages/turtle_regulation
[1.052s] byte-compiling /home/mr-kajemba/turtle_regulation-Gabriel-Baraka_Kajemba/ros_ws/install/turtle_regulation/lib/python3.12/site-packages/turtle_regulation/set_way_point.py to set_way_point.cpython-312.pyc
[1.053s] running install_data
[1.053s] running install_egg_info
[1.072s] removing '/home/mr-kajemba/turtle_regulation-Gabriel-Baraka_Kajemba/ros_ws/install/turtle_regulation/lib/python3.12/site-packages/turtle_regulation-0.0.0-py3.12.egg-info' (and everything under it)
[1.072s] Copying ../../build/turtle_regulation/turtle_regulation.egg-info to /home/mr-kajemba/turtle_regulation-Gabriel-Baraka_Kajemba/ros_ws/install/turtle_regulation/lib/python3.12/site-packages/turtle_regulation-0.0.0-py3.12.egg-info
[1.073s] running install_scripts
[1.190s] Installing set_way_point script to /home/mr-kajemba/turtle_regulation-Gabriel-Baraka_Kajemba/ros_ws/install/turtle_regulation/lib/turtle_regulation
[1.190s] writing list of installed files to '/home/mr-kajemba/turtle_regulation-Gabriel-Baraka_Kajemba/ros_ws/build/turtle_regulation/install.log'
[1.229s] Invoked command in '/home/mr-kajemba/turtle_regulation-Gabriel-Baraka_Kajemba/ros_ws/src/turtle_regulation' returned '0': DEBUGINFOD_URLS=https://debuginfod.ubuntu.com PYTHONPATH=/home/mr-kajemba/turtle_regulation-Gabriel-Baraka_Kajemba/ros_ws/build/turtle_regulation/prefix_override:/usr/lib/python3/dist-packages/colcon_core/task/python/colcon_distutils_commands:/home/mr-kajemba/turtle_regulation-Gabriel-Baraka_Kajemba/ros_ws/install/turtle_regulation/lib/python3.12/site-packages:${PYTHONPATH} /usr/bin/python3 -W ignore:setup.py install is deprecated -W ignore:easy_install command is deprecated setup.py egg_info --egg-base ../../build/turtle_regulation build --build-base /home/mr-kajemba/turtle_regulation-Gabriel-Baraka_Kajemba/ros_ws/build/turtle_regulation/build install --record /home/mr-kajemba/turtle_regulation-Gabriel-Baraka_Kajemba/ros_ws/build/turtle_regulation/install.log --single-version-externally-managed install_data
